16:35:12 [Akka-Paxos-akka.actor.default-dispatcher-2] INFO  Acceptor.Acceptor - receive Prepare [1leader,0]
16:35:12 [Akka-Paxos-akka.actor.default-dispatcher-2] INFO  Acceptor.Instance - handle prepare req ballotId 0
16:35:12 [Akka-Paxos-akka.actor.default-dispatcher-2] INFO  Acceptor.Instance - sendPrepareAck [1leader,0]
16:35:12 [Akka-Paxos-akka.actor.default-dispatcher-2] INFO  Acceptor.Acceptor - receive Prepare [2leader,0]
16:35:12 [Akka-Paxos-akka.actor.default-dispatcher-2] INFO  Acceptor.Instance - handle prepare req ballotId 0
16:35:12 [Akka-Paxos-akka.actor.default-dispatcher-2] INFO  Acceptor.Instance - sendPrepareAck [2leader,0]
16:51:24 [Akka-Paxos-akka.actor.default-dispatcher-3] INFO  Acceptor.Acceptor - receiving Acceptor Registered message acceptorOne
16:51:24 [Akka-Paxos-akka.actor.default-dispatcher-3] INFO  Acceptor.Acceptor - receive Prepare [1leader,0]
16:51:24 [Akka-Paxos-akka.actor.default-dispatcher-3] INFO  Acceptor.Acceptor - handle new Instance [1leader,0]
16:51:24 [Akka-Paxos-akka.actor.default-dispatcher-3] INFO  Acceptor.Instance - handle prepare req ballotId 0
16:51:24 [Akka-Paxos-akka.actor.default-dispatcher-3] INFO  Acceptor.Instance - sendPrepareAck [1leader,0]
16:51:24 [Akka-Paxos-akka.actor.default-dispatcher-3] INFO  Acceptor.Acceptor - receive Prepare [2leader,0]
16:51:24 [Akka-Paxos-akka.actor.default-dispatcher-3] INFO  Acceptor.Acceptor - handle new Instance [2leader,0]
16:51:24 [Akka-Paxos-akka.actor.default-dispatcher-3] INFO  Acceptor.Instance - handle prepare req ballotId 0
16:51:24 [Akka-Paxos-akka.actor.default-dispatcher-3] INFO  Acceptor.Instance - sendPrepareAck [2leader,0]
16:51:24 [Akka-Paxos-akka.actor.default-dispatcher-3] INFO  Acceptor.Acceptor - receive Accept [1leader,0,null]
16:51:24 [Akka-Paxos-akka.actor.default-dispatcher-3] INFO  Acceptor.Instance - handle accept req ballotId 0
16:51:24 [Akka-Paxos-akka.actor.default-dispatcher-3] INFO  Acceptor.Instance - sendAcceptAck [1leader,0]
16:51:24 [Akka-Paxos-akka.actor.default-dispatcher-3] INFO  Acceptor.Acceptor - receive Accept [2leader,0,null]
16:51:24 [Akka-Paxos-akka.actor.default-dispatcher-3] INFO  Acceptor.Instance - handle accept req ballotId 0
16:51:24 [Akka-Paxos-akka.actor.default-dispatcher-3] INFO  Acceptor.Instance - sendAcceptAck [2leader,0]
16:51:24 [Akka-Paxos-akka.actor.default-dispatcher-3] INFO  Acceptor.Acceptor - instance submitted [1leader,null]
16:51:25 [Akka-Paxos-akka.actor.default-dispatcher-3] INFO  Acceptor.Acceptor - instance submitted [2leader,null]
